#! /usr/local/iverilog/bin/vvp
:ivl_version "11.0 (devel)" "(s20150603-642-g3bdb50da)";
:ivl_delay_selection "TYPICAL";
:vpi_time_precision + 0;
:vpi_module "system";
:vpi_module "vhdl_sys";
:vpi_module "vhdl_textio";
:vpi_module "v2005_math";
:vpi_module "va_math";
S_00000000008ec010 .scope module, "memory_tb" "memory_tb" 2 1;
 .timescale 0 0;
v00000000008edf90_0 .net "data", 15 0, v00000000008eddb0_0;  1 drivers
v00000000008eccc0_0 .var "maddr", 1 0;
v00000000008ecd60_0 .var "mrd", 0 0;
S_00000000008edc20 .scope module, "RegUT" "memory" 2 7, 3 1 0, S_00000000008ec010;
 .timescale 0 0;
    .port_info 0 /INPUT 2 "addr";
    .port_info 1 /INPUT 1 "rd";
    .port_info 2 /OUTPUT 16 "data";
v00000000008ec1a0_0 .net "addr", 1 0, v00000000008eccc0_0;  1 drivers
v00000000008eddb0_0 .var "data", 15 0;
v00000000008ede50 .array "mem", 3 0, 15 0;
v00000000008edef0_0 .net "rd", 0 0, v00000000008ecd60_0;  1 drivers
v00000000008ede50_0 .array/port v00000000008ede50, 0;
v00000000008ede50_1 .array/port v00000000008ede50, 1;
E_0000000000a94270/0 .event edge, v00000000008edef0_0, v00000000008ec1a0_0, v00000000008ede50_0, v00000000008ede50_1;
v00000000008ede50_2 .array/port v00000000008ede50, 2;
v00000000008ede50_3 .array/port v00000000008ede50, 3;
E_0000000000a94270/1 .event edge, v00000000008ede50_2, v00000000008ede50_3;
E_0000000000a94270 .event/or E_0000000000a94270/0, E_0000000000a94270/1;
    .scope S_00000000008edc20;
T_0 ;
    %vpi_call 3 10 "$readmemb", "machine_code.mem", v00000000008ede50 {0 0 0};
    %end;
    .thread T_0;
    .scope S_00000000008edc20;
T_1 ;
    %wait E_0000000000a94270;
    %load/vec4 v00000000008edef0_0;
    %flag_set/vec4 8;
    %jmp/0xz  T_1.0, 8;
    %load/vec4 v00000000008ec1a0_0;
    %pad/u 4;
    %ix/vec4 4;
    %load/vec4a v00000000008ede50, 4;
    %store/vec4 v00000000008eddb0_0, 0, 16;
T_1.0 ;
    %jmp T_1;
    .thread T_1, $push;
    .scope S_00000000008ec010;
T_2 ;
    %vpi_call 2 11 "$monitor", $time, " addr=%d, data=%b ", v00000000008eccc0_0, v00000000008edf90_0 {0 0 0};
    %delay 5, 0;
    %pushi/vec4 0, 0, 2;
    %store/vec4 v00000000008eccc0_0, 0, 2;
    %pushi/vec4 1, 0, 1;
    %store/vec4 v00000000008ecd60_0, 0, 1;
    %delay 5, 0;
    %pushi/vec4 1, 0, 2;
    %store/vec4 v00000000008eccc0_0, 0, 2;
    %pushi/vec4 1, 0, 1;
    %store/vec4 v00000000008ecd60_0, 0, 1;
    %delay 5, 0;
    %pushi/vec4 2, 0, 2;
    %store/vec4 v00000000008eccc0_0, 0, 2;
    %pushi/vec4 1, 0, 1;
    %store/vec4 v00000000008ecd60_0, 0, 1;
    %delay 5, 0;
    %pushi/vec4 3, 0, 2;
    %store/vec4 v00000000008eccc0_0, 0, 2;
    %pushi/vec4 1, 0, 1;
    %store/vec4 v00000000008ecd60_0, 0, 1;
    %delay 5, 0;
    %vpi_call 2 18 "$finish" {0 0 0};
    %end;
    .thread T_2;
# The file index is used to find the file name in the following table.
:file_names 4;
    "N/A";
    "<interactive>";
    "memory_tb.v";
    "memory.v";
